<?xml version="1.0" encoding="UTF-8"?>
<!-- Generated by org.testng.reporters.JUnitXMLReporter -->
<testsuite ignored="1" hostname="happybirth" failures="1" tests="6" name="Run On FIREFOX" time="33.083" errors="0" timestamp="2024-09-22T19:53:51 ICT">
  <testcase classname="com.OrangeHRM.admin.Login" name="TC_01_Login_Page_Not_User" time="0.92"/>
  <testcase classname="com.OrangeHRM.admin.Login" name="TC_02_Login_Page_Not_Password" time="1.451"/>
  <testcase classname="com.OrangeHRM.admin.Login" name="TC_03_Login_Page_Wrong_User" time="2.176"/>
  <testcase classname="com.OrangeHRM.admin.Login" name="TC_04_Login_Page_Wrong_Password" time="2.526"/>
  <testcase classname="com.OrangeHRM.admin.Login" name="TC_05_Login_Page_Successfull" time="2.677"/>
  <testcase classname="com.OrangeHRM.pim.AddEmployee" name="TC_01_Creat_New_Employee" time="3.923">
    <failure type="org.openqa.selenium.WebDriverException" message="Failed to decode response from marionette
Build info: version: &amp;apos;4.18.1&amp;apos;, revision: &amp;apos;b1d3319b48&amp;apos;
System info: os.name: &amp;apos;Windows 10&amp;apos;, os.arch: &amp;apos;amd64&amp;apos;, os.version: &amp;apos;10.0&amp;apos;, java.version: &amp;apos;11.0.14&amp;apos;
Driver info: org.openqa.selenium.firefox.FirefoxDriver
Command: [fe6805be-293e-429f-a76a-a3ae648de21f, findElement {using=xpath, value=//div[@class=&amp;apos;--name-grouped-field&amp;apos;]//input[@name=&amp;apos;firstName&amp;apos;]}]
Capabilities {acceptInsecureCerts: true, browserName: firefox, browserVersion: 130.0.1, moz:accessibilityChecks: false, moz:buildID: 20240913135723, moz:geckodriverVersion: 0.35.0, moz:headless: false, moz:platformVersion: 10.0, moz:processID: 22076, moz:profile: C:\Users\CKOAMO~1\AppData\L..., moz:shutdownTimeout: 60000, moz:webdriverClick: true, moz:windowless: false, pageLoadStrategy: normal, platformName: windows, proxy: Proxy(), setWindowRect: true, strictFileInteractability: false, timeouts: {implicit: 0, pageLoad: 300000, script: 30000}, unhandledPromptBehavior: dismiss and notify, userAgent: Mozilla/5.0 (Windows NT 10....}
Session ID: fe6805be-293e-429f-a76a-a3ae648de21f">
      <![CDATA[org.openqa.selenium.WebDriverException: Failed to decode response from marionette
Build info: version: '4.18.1', revision: 'b1d3319b48'
System info: os.name: 'Windows 10', os.arch: 'amd64', os.version: '10.0', java.version: '11.0.14'
Driver info: org.openqa.selenium.firefox.FirefoxDriver
Command: [fe6805be-293e-429f-a76a-a3ae648de21f, findElement {using=xpath, value=//div[@class='--name-grouped-field']//input[@name='firstName']}]
Capabilities {acceptInsecureCerts: true, browserName: firefox, browserVersion: 130.0.1, moz:accessibilityChecks: false, moz:buildID: 20240913135723, moz:geckodriverVersion: 0.35.0, moz:headless: false, moz:platformVersion: 10.0, moz:processID: 22076, moz:profile: C:\Users\CKOAMO~1\AppData\L..., moz:shutdownTimeout: 60000, moz:webdriverClick: true, moz:windowless: false, pageLoadStrategy: normal, platformName: windows, proxy: Proxy(), setWindowRect: true, strictFileInteractability: false, timeouts: {implicit: 0, pageLoad: 300000, script: 30000}, unhandledPromptBehavior: dismiss and notify, userAgent: Mozilla/5.0 (Windows NT 10....}
Session ID: fe6805be-293e-429f-a76a-a3ae648de21f
at org.openqa.selenium.remote.ErrorCodec.decode(ErrorCodec.java:167)
at org.openqa.selenium.remote.codec.w3c.W3CHttpResponseCodec.decode(W3CHttpResponseCodec.java:138)
at org.openqa.selenium.remote.codec.w3c.W3CHttpResponseCodec.decode(W3CHttpResponseCodec.java:50)
at org.openqa.selenium.remote.HttpCommandExecutor.execute(HttpCommandExecutor.java:190)
at org.openqa.selenium.remote.service.DriverCommandExecutor.invokeExecute(DriverCommandExecutor.java:216)
at org.openqa.selenium.remote.service.DriverCommandExecutor.execute(DriverCommandExecutor.java:174)
at org.openqa.selenium.remote.RemoteWebDriver.execute(RemoteWebDriver.java:519)
at org.openqa.selenium.remote.ElementLocation$ElementFinder$2.findElement(ElementLocation.java:165)
at org.openqa.selenium.remote.ElementLocation.findElement(ElementLocation.java:59)
at org.openqa.selenium.remote.RemoteWebDriver.findElement(RemoteWebDriver.java:356)
at org.openqa.selenium.remote.RemoteWebDriver.findElement(RemoteWebDriver.java:350)
at org.openqa.selenium.support.ui.ExpectedConditions$7.apply(ExpectedConditions.java:194)
at org.openqa.selenium.support.ui.ExpectedConditions$7.apply(ExpectedConditions.java:190)
at org.openqa.selenium.support.ui.FluentWait.until(FluentWait.java:203)
at commons.BasePage.waitForElementVisible(BasePage.java:443)
at pageObjects.OrangeHRM.admin.PimOrangeHRMPageObject.sendKeyToFirstNameTextBox(PimOrangeHRMPageObject.java:31)
at com.OrangeHRM.pim.AddEmployee.TC_01_Creat_New_Employee(AddEmployee.java:56)
at java.base/java.util.ArrayList.forEach(ArrayList.java:1541)
... Removed 31 stack frames]]>
    </failure>
  </testcase> <!-- TC_01_Creat_New_Employee -->
  <testcase classname="commons.BaseTest" name="@BeforeSuite initBeforeSuite" time="0.0">
    <ignored/>
  </testcase> <!-- @BeforeSuite initBeforeSuite -->
</testsuite> <!-- Run On FIREFOX -->
