<?xml version="1.0" encoding="UTF-8"?>
<testsuite name="Run On CHROME"
           tests="7"
           failures="2"
           errors="0"
           skipped="5"
           time="1,142">
  <properties />
            <testcase name="afterClass" time="0,007" classname="com.OrangeHRM.admin.Login">
                <failure type="java.lang.NullPointerException"
                  message="Cannot invoke &quot;String.isEmpty()&quot; because &quot;command&quot; is null"
              >
<![CDATA[java.lang.NullPointerException: Cannot invoke "String.isEmpty()" because "command" is null
  java.base/java.lang.Runtime.exec(Runtime.java:411)
  java.base/java.lang.Runtime.exec(Runtime.java:315)
  commons.BaseTest.closeBrowserDriver(BaseTest.java:282)
  com.OrangeHRM.admin.Login.afterClass(Login.java:87)
  java.base/jdk.internal.reflect.NativeMethodAccessorImpl.invoke0(Native Method)
  java.base/jdk.internal.reflect.NativeMethodAccessorImpl.invoke(NativeMethodAccessorImpl.java:77)
  java.base/jdk.internal.reflect.DelegatingMethodAccessorImpl.invoke(DelegatingMethodAccessorImpl.java:43)
  java.base/java.lang.reflect.Method.invoke(Method.java:568)
  org.testng.internal.invokers.MethodInvocationHelper.invokeMethod(MethodInvocationHelper.java:139)
  org.testng.internal.invokers.MethodInvocationHelper.invokeMethodConsideringTimeout(MethodInvocationHelper.java:69)
  org.testng.internal.invokers.ConfigInvoker.invokeConfigurationMethod(ConfigInvoker.java:393)
  org.testng.internal.invokers.ConfigInvoker.invokeConfigurations(ConfigInvoker.java:326)
  org.testng.internal.invokers.TestMethodWorker.invokeAfterClassConfigurations(TestMethodWorker.java:229)
  org.testng.internal.invokers.TestMethodWorker.invokeAfterClassMethods(TestMethodWorker.java:215)
  org.testng.internal.invokers.TestMethodWorker.run(TestMethodWorker.java:131)
  java.base/java.util.ArrayList.forEach(ArrayList.java:1511)
  org.testng.TestRunner.privateRun(TestRunner.java:819)
  org.testng.TestRunner.run(TestRunner.java:619)
  org.testng.SuiteRunner.runTest(SuiteRunner.java:443)
  org.testng.SuiteRunner.runSequentially(SuiteRunner.java:437)
  org.testng.SuiteRunner.privateRun(SuiteRunner.java:397)
  org.testng.SuiteRunner.run(SuiteRunner.java:336)
  org.testng.SuiteRunnerWorker.runSuite(SuiteRunnerWorker.java:52)
  org.testng.SuiteRunnerWorker.run(SuiteRunnerWorker.java:95)
  org.testng.TestNG.runSuitesSequentially(TestNG.java:1301)
  org.testng.TestNG.runSuitesLocally(TestNG.java:1228)
  org.testng.TestNG.runSuites(TestNG.java:1134)
  org.testng.TestNG.run(TestNG.java:1101)
  org.testng.remote.AbstractRemoteTestNG.run(AbstractRemoteTestNG.java:115)
  org.testng.remote.RemoteTestNG.initAndRun(RemoteTestNG.java:293)
  org.testng.remote.RemoteTestNG.main(RemoteTestNG.java:91)
]]>
      </failure>

          </testcase>
            <testcase name="beforeClass" time="1,135" classname="com.OrangeHRM.admin.Login">
                <failure type="org.openqa.selenium.SessionNotCreatedException"
                  message="Could not start a new session. Possible causes are invalid address of the remote server or browser start-up failure. 
Host info: host: &apos;HAPPYBIRTH&apos;, ip: &apos;192.168.1.7&apos;"
              >
<![CDATA[org.openqa.selenium.SessionNotCreatedException: Could not start a new session. Possible causes are invalid address of the remote server or browser start-up failure. 
Host info: host: 'HAPPYBIRTH', ip: '192.168.1.7'
  org.openqa.selenium.remote.RemoteWebDriver.execute(RemoteWebDriver.java:537)
  org.openqa.selenium.remote.RemoteWebDriver.startSession(RemoteWebDriver.java:233)
  org.openqa.selenium.remote.RemoteWebDriver.<init>(RemoteWebDriver.java:162)
  org.openqa.selenium.chromium.ChromiumDriver.<init>(ChromiumDriver.java:114)
  org.openqa.selenium.chrome.ChromeDriver.<init>(ChromeDriver.java:89)
  org.openqa.selenium.chrome.ChromeDriver.<init>(ChromeDriver.java:84)
  commons.BaseTest.getBrowserDriver(BaseTest.java:74)
  com.OrangeHRM.admin.Login.beforeClass(Login.java:26)
  java.base/jdk.internal.reflect.NativeMethodAccessorImpl.invoke0(Native Method)
  java.base/jdk.internal.reflect.NativeMethodAccessorImpl.invoke(NativeMethodAccessorImpl.java:77)
  java.base/jdk.internal.reflect.DelegatingMethodAccessorImpl.invoke(DelegatingMethodAccessorImpl.java:43)
  java.base/java.lang.reflect.Method.invoke(Method.java:568)
  org.testng.internal.invokers.MethodInvocationHelper.invokeMethod(MethodInvocationHelper.java:139)
  org.testng.internal.invokers.MethodInvocationHelper.invokeMethodConsideringTimeout(MethodInvocationHelper.java:69)
  org.testng.internal.invokers.ConfigInvoker.invokeConfigurationMethod(ConfigInvoker.java:393)
  org.testng.internal.invokers.ConfigInvoker.invokeConfigurations(ConfigInvoker.java:326)
  org.testng.internal.invokers.TestMethodWorker.invokeBeforeClassMethods(TestMethodWorker.java:180)
  org.testng.internal.invokers.TestMethodWorker.run(TestMethodWorker.java:122)
  java.base/java.util.ArrayList.forEach(ArrayList.java:1511)
  org.testng.TestRunner.privateRun(TestRunner.java:819)
  org.testng.TestRunner.run(TestRunner.java:619)
  org.testng.SuiteRunner.runTest(SuiteRunner.java:443)
  org.testng.SuiteRunner.runSequentially(SuiteRunner.java:437)
  org.testng.SuiteRunner.privateRun(SuiteRunner.java:397)
  org.testng.SuiteRunner.run(SuiteRunner.java:336)
  org.testng.SuiteRunnerWorker.runSuite(SuiteRunnerWorker.java:52)
  org.testng.SuiteRunnerWorker.run(SuiteRunnerWorker.java:95)
  org.testng.TestNG.runSuitesSequentially(TestNG.java:1301)
  org.testng.TestNG.runSuitesLocally(TestNG.java:1228)
  org.testng.TestNG.runSuites(TestNG.java:1134)
  org.testng.TestNG.run(TestNG.java:1101)
  org.testng.remote.AbstractRemoteTestNG.run(AbstractRemoteTestNG.java:115)
  org.testng.remote.RemoteTestNG.initAndRun(RemoteTestNG.java:293)
  org.testng.remote.RemoteTestNG.main(RemoteTestNG.java:91)
Caused by: org.openqa.selenium.WebDriverException: Driver server process died prematurely.
Build info: version: '4.18.1', revision: 'b1d3319b48'
System info: os.name: 'Windows 10', os.arch: 'amd64', os.version: '10.0', java.version: '17.0.11'
Driver info: driver.version: ChromeDriver
  org.openqa.selenium.remote.service.DriverService.start(DriverService.java:246)
  org.openqa.selenium.remote.service.DriverCommandExecutor.execute(DriverCommandExecutor.java:117)
  org.openqa.selenium.remote.RemoteWebDriver.execute(RemoteWebDriver.java:519)
  org.openqa.selenium.remote.RemoteWebDriver.startSession(RemoteWebDriver.java:233)
  org.openqa.selenium.remote.RemoteWebDriver.<init>(RemoteWebDriver.java:162)
  org.openqa.selenium.chromium.ChromiumDriver.<init>(ChromiumDriver.java:114)
  org.openqa.selenium.chrome.ChromeDriver.<init>(ChromeDriver.java:89)
  org.openqa.selenium.chrome.ChromeDriver.<init>(ChromeDriver.java:84)
  commons.BaseTest.getBrowserDriver(BaseTest.java:74)
  com.OrangeHRM.admin.Login.beforeClass(Login.java:26)
  java.base/jdk.internal.reflect.NativeMethodAccessorImpl.invoke0(Native Method)
  java.base/jdk.internal.reflect.NativeMethodAccessorImpl.invoke(NativeMethodAccessorImpl.java:77)
  java.base/jdk.internal.reflect.DelegatingMethodAccessorImpl.invoke(DelegatingMethodAccessorImpl.java:43)
  java.base/java.lang.reflect.Method.invoke(Method.java:568)
  org.testng.internal.invokers.MethodInvocationHelper.invokeMethod(MethodInvocationHelper.java:139)
  org.testng.internal.invokers.MethodInvocationHelper.invokeMethodConsideringTimeout(MethodInvocationHelper.java:69)
  org.testng.internal.invokers.ConfigInvoker.invokeConfigurationMethod(ConfigInvoker.java:393)
  org.testng.internal.invokers.ConfigInvoker.invokeConfigurations(ConfigInvoker.java:326)
  org.testng.internal.invokers.TestMethodWorker.invokeBeforeClassMethods(TestMethodWorker.java:180)
  org.testng.internal.invokers.TestMethodWorker.run(TestMethodWorker.java:122)
  java.base/java.util.ArrayList.forEach(ArrayList.java:1511)
  org.testng.TestRunner.privateRun(TestRunner.java:819)
  org.testng.TestRunner.run(TestRunner.java:619)
  org.testng.SuiteRunner.runTest(SuiteRunner.java:443)
  org.testng.SuiteRunner.runSequentially(SuiteRunner.java:437)
  org.testng.SuiteRunner.privateRun(SuiteRunner.java:397)
  org.testng.SuiteRunner.run(SuiteRunner.java:336)
  org.testng.SuiteRunnerWorker.runSuite(SuiteRunnerWorker.java:52)
  org.testng.SuiteRunnerWorker.run(SuiteRunnerWorker.java:95)
  org.testng.TestNG.runSuitesSequentially(TestNG.java:1301)
  org.testng.TestNG.runSuitesLocally(TestNG.java:1228)
  org.testng.TestNG.runSuites(TestNG.java:1134)
  org.testng.TestNG.run(TestNG.java:1101)
  org.testng.remote.AbstractRemoteTestNG.run(AbstractRemoteTestNG.java:115)
  org.testng.remote.RemoteTestNG.initAndRun(RemoteTestNG.java:293)
  org.testng.remote.RemoteTestNG.main(RemoteTestNG.java:91)
]]>
      </failure>

          </testcase>
  
            <testcase name="TC_02_Login_Page_Not_Password" time="0.0" classname="com.OrangeHRM.admin.Login">
          <skipped />
    </testcase>
            <testcase name="TC_01_Login_Page_Not_User" time="0.0" classname="com.OrangeHRM.admin.Login">
          <skipped />
    </testcase>
            <testcase name="TC_03_Login_Page_Wrong_User" time="0.0" classname="com.OrangeHRM.admin.Login">
          <skipped />
    </testcase>
            <testcase name="TC_05_Login_Page_Successfull" time="0.0" classname="com.OrangeHRM.admin.Login">
          <skipped />
    </testcase>
            <testcase name="TC_04_Login_Page_Wrong_Password" time="0.0" classname="com.OrangeHRM.admin.Login">
          <skipped />
    </testcase>
  
  
</testsuite>
